<?xml version="1.0" encoding="UTF-8"?>
<testng-results skipped="0" failed="0" ignored="0" total="7" passed="7">
  <reporter-output>
  </reporter-output>
  <suite name="Default suite" duration-ms="38220" started-at="2021-04-08T20:20:18Z" finished-at="2021-04-08T20:20:56Z">
    <groups>
      <group name="cucumber">
        <method signature="AbstractTestNGCucumberTests.runScenario(io.cucumber.testng.PickleWrapper, io.cucumber.testng.FeatureWrapper)[pri:0, instance:parallel.ParallelRun@52a86356]" name="runScenario" class="io.cucumber.testng.AbstractTestNGCucumberTests"/>
      </group> <!-- cucumber -->
    </groups>
    <test name="Default test" duration-ms="38220" started-at="2021-04-08T20:20:18Z" finished-at="2021-04-08T20:20:56Z">
      <class name="parallel.ParallelRun">
        <test-method status="PASS" signature="setUpClass()[pri:0, instance:parallel.ParallelRun@52a86356]" name="setUpClass" is-config="true" duration-ms="826" started-at="2021-04-08T20:20:18Z" finished-at="2021-04-08T20:20:19Z">
          <reporter-output>
          </reporter-output>
        </test-method> <!-- setUpClass -->
        <test-method status="PASS" signature="runScenario(io.cucumber.testng.PickleWrapper, io.cucumber.testng.FeatureWrapper)[pri:0, instance:parallel.ParallelRun@52a86356]" name="runScenario" duration-ms="34656" started-at="2021-04-08T20:20:19Z" description="Runs Cucumber Scenarios" data-provider="scenarios" finished-at="2021-04-08T20:20:54Z">
          <params>
            <param index="0">
              <value>
                <![CDATA["Contact Us scenario with different set of data"]]>
              </value>
            </param>
            <param index="1">
              <value>
                <![CDATA["Optional[Contact Us Feature]"]]>
              </value>
            </param>
          </params>
          <reporter-output>
          </reporter-output>
        </test-method> <!-- runScenario -->
        <test-method status="PASS" signature="runScenario(io.cucumber.testng.PickleWrapper, io.cucumber.testng.FeatureWrapper)[pri:0, instance:parallel.ParallelRun@52a86356]" name="runScenario" duration-ms="30607" started-at="2021-04-08T20:20:19Z" description="Runs Cucumber Scenarios" data-provider="scenarios" finished-at="2021-04-08T20:20:50Z">
          <params>
            <param index="0">
              <value>
                <![CDATA["Accounts page title"]]>
              </value>
            </param>
            <param index="1">
              <value>
                <![CDATA["Optional[Account Page Feature]"]]>
              </value>
            </param>
          </params>
          <reporter-output>
          </reporter-output>
        </test-method> <!-- runScenario -->
        <test-method status="PASS" signature="runScenario(io.cucumber.testng.PickleWrapper, io.cucumber.testng.FeatureWrapper)[pri:0, instance:parallel.ParallelRun@52a86356]" name="runScenario" duration-ms="33552" started-at="2021-04-08T20:20:19Z" description="Runs Cucumber Scenarios" data-provider="scenarios" finished-at="2021-04-08T20:20:52Z">
          <params>
            <param index="0">
              <value>
                <![CDATA["Accounts section count"]]>
              </value>
            </param>
            <param index="1">
              <value>
                <![CDATA["Optional[Account Page Feature]"]]>
              </value>
            </param>
          </params>
          <reporter-output>
          </reporter-output>
        </test-method> <!-- runScenario -->
        <test-method status="PASS" signature="runScenario(io.cucumber.testng.PickleWrapper, io.cucumber.testng.FeatureWrapper)[pri:0, instance:parallel.ParallelRun@52a86356]" name="runScenario" duration-ms="34439" started-at="2021-04-08T20:20:19Z" description="Runs Cucumber Scenarios" data-provider="scenarios" finished-at="2021-04-08T20:20:53Z">
          <params>
            <param index="0">
              <value>
                <![CDATA["Contact Us scenario with different set of data"]]>
              </value>
            </param>
            <param index="1">
              <value>
                <![CDATA["Optional[Contact Us Feature]"]]>
              </value>
            </param>
          </params>
          <reporter-output>
          </reporter-output>
        </test-method> <!-- runScenario -->
        <test-method status="PASS" signature="runScenario(io.cucumber.testng.PickleWrapper, io.cucumber.testng.FeatureWrapper)[pri:0, instance:parallel.ParallelRun@52a86356]" name="runScenario" duration-ms="33167" started-at="2021-04-08T20:20:19Z" description="Runs Cucumber Scenarios" data-provider="scenarios" finished-at="2021-04-08T20:20:52Z">
          <params>
            <param index="0">
              <value>
                <![CDATA["Login with correct credentials"]]>
              </value>
            </param>
            <param index="1">
              <value>
                <![CDATA["Optional[Login page feature]"]]>
              </value>
            </param>
          </params>
          <reporter-output>
          </reporter-output>
        </test-method> <!-- runScenario -->
        <test-method status="PASS" signature="runScenario(io.cucumber.testng.PickleWrapper, io.cucumber.testng.FeatureWrapper)[pri:0, instance:parallel.ParallelRun@52a86356]" name="runScenario" duration-ms="23798" started-at="2021-04-08T20:20:19Z" description="Runs Cucumber Scenarios" data-provider="scenarios" finished-at="2021-04-08T20:20:43Z">
          <params>
            <param index="0">
              <value>
                <![CDATA["Forgot Password link"]]>
              </value>
            </param>
            <param index="1">
              <value>
                <![CDATA["Optional[Login page feature]"]]>
              </value>
            </param>
          </params>
          <reporter-output>
          </reporter-output>
        </test-method> <!-- runScenario -->
        <test-method status="PASS" signature="runScenario(io.cucumber.testng.PickleWrapper, io.cucumber.testng.FeatureWrapper)[pri:0, instance:parallel.ParallelRun@52a86356]" name="runScenario" duration-ms="21788" started-at="2021-04-08T20:20:19Z" description="Runs Cucumber Scenarios" data-provider="scenarios" finished-at="2021-04-08T20:20:41Z">
          <params>
            <param index="0">
              <value>
                <![CDATA["Login page title"]]>
              </value>
            </param>
            <param index="1">
              <value>
                <![CDATA["Optional[Login page feature]"]]>
              </value>
            </param>
          </params>
          <reporter-output>
          </reporter-output>
        </test-method> <!-- runScenario -->
        <test-method status="PASS" signature="tearDownClass()[pri:0, instance:parallel.ParallelRun@52a86356]" name="tearDownClass" is-config="true" duration-ms="2696" started-at="2021-04-08T20:20:54Z" finished-at="2021-04-08T20:20:56Z">
          <reporter-output>
          </reporter-output>
        </test-method> <!-- tearDownClass -->
      </class> <!-- parallel.ParallelRun -->
    </test> <!-- Default test -->
  </suite> <!-- Default suite -->
</testng-results>
